<?xml version="1.0" encoding="UTF-8"?>
<!-- Generated by org.testng.reporters.JUnitXMLReporter -->
<testsuite hostname="Arpit" ignored="1" name="Default test(failed)" tests="1" failures="1" timestamp="01 Jul 2019 10:24:16 GMT" time="0.166" errors="0">
  <testcase name="HardAssert" time="0.046" classname="SeleniumTestNG.ParameterbyDataProvider">
    <failure type="java.lang.AssertionError" message=" these are not equal co they are diferent  expected [harshil] but found [shilpa ]">
      <![CDATA[java.lang.AssertionError:  these are not equal co they are diferent  expected [harshil] but found [shilpa ]
at SeleniumTestNG.ParameterbyDataProvider.HardAssert(ParameterbyDataProvider.java:26)
... Removed 30 stack frames]]>
    </failure>
  </testcase> <!-- HardAssert -->
  <testcase name="Softassert" time="0.0" classname="SeleniumTestNG.ParameterbyDataProvider">
    <ignored/>
  </testcase> <!-- Softassert -->
</testsuite> <!-- Default test(failed) -->
